[GIN-debug] [WARNING] Creating an Engine instance with the Logger and Recovery middleware already attached.

[GIN-debug] [WARNING] Running in "debug" mode. Switch to "release" mode in production.
 - using env:	export GIN_MODE=release
 - using code:	gin.SetMode(gin.ReleaseMode)

[GIN-debug] GET    /static/*filepath         --> github.com/gin-gonic/gin.(*RouterGroup).createStaticHandler.func1 (3 handlers)
[GIN-debug] HEAD   /static/*filepath         --> github.com/gin-gonic/gin.(*RouterGroup).createStaticHandler.func1 (3 handlers)
[GIN-debug] GET    /                         --> omega-home/handlers.PortalPage (3 handlers)
[GIN-debug] GET    /api/config               --> omega-home/handlers.GetConfig (3 handlers)
[GIN-debug] GET    /api/status               --> omega-home/handlers.GetStatus (3 handlers)
[GIN-debug] GET    /admin                    --> omega-home/handlers.AdminPage (3 handlers)
[GIN-debug] POST   /api/admin/login          --> omega-home/handlers.(*AuthHandler).Login-fm (3 handlers)
[GIN-debug] GET    /api/admin/services       --> omega-home/handlers.ListServices (4 handlers)
[GIN-debug] POST   /api/admin/services       --> omega-home/handlers.CreateService (4 handlers)
[GIN-debug] PUT    /api/admin/services/:id   --> omega-home/handlers.UpdateService (4 handlers)
[GIN-debug] DELETE /api/admin/services/:id   --> omega-home/handlers.DeleteService (4 handlers)
[GIN-debug] PUT    /api/admin/services/reorder --> omega-home/handlers.ReorderServices (4 handlers)
[GIN-debug] GET    /api/admin/groups         --> omega-home/handlers.ListGroups (4 handlers)
[GIN-debug] POST   /api/admin/groups         --> omega-home/handlers.CreateGroup (4 handlers)
[GIN-debug] PUT    /api/admin/groups/:id     --> omega-home/handlers.UpdateGroup (4 handlers)
[GIN-debug] DELETE /api/admin/groups/:id     --> omega-home/handlers.DeleteGroup (4 handlers)
[GIN-debug] PUT    /api/admin/groups/reorder --> omega-home/handlers.ReorderGroups (4 handlers)
[GIN-debug] GET    /api/admin/bookmarks      --> omega-home/handlers.ListBookmarks (4 handlers)
[GIN-debug] POST   /api/admin/bookmarks      --> omega-home/handlers.CreateBookmark (4 handlers)
[GIN-debug] PUT    /api/admin/bookmarks/:id  --> omega-home/handlers.UpdateBookmark (4 handlers)
[GIN-debug] DELETE /api/admin/bookmarks/:id  --> omega-home/handlers.DeleteBookmark (4 handlers)
[GIN-debug] GET    /api/admin/settings       --> omega-home/handlers.GetSettings (4 handlers)
[GIN-debug] PUT    /api/admin/settings       --> omega-home/handlers.UpdateSettings (4 handlers)
[GIN-debug] POST   /api/admin/upload         --> omega-home/handlers.UploadImage (4 handlers)
2026/02/02 12:38:30 Omega Home starting on port 8000
[GIN-debug] [WARNING] You trusted all proxies, this is NOT safe. We recommend you to set a value.
Please check https://github.com/gin-gonic/gin/blob/master/docs/doc.md#dont-trust-all-proxies for details.
[GIN-debug] Listening and serving HTTP on :8000
[GIN] 2026/02/02 - 12:38:30 | 200 |    2.385825ms |   192.168.1.150 | GET      "/admin"
2026/02/02 12:38:30 Status check complete: 7 services checked
[GIN] 2026/02/02 - 12:38:32 | 200 |     437.734µs |   192.168.1.150 | GET      "/"
[GIN] 2026/02/02 - 12:38:35 | 200 |     160.964µs |   192.168.1.150 | GET      "/"
[GIN] 2026/02/02 - 12:38:35 | 200 |    4.330208ms |   192.168.1.150 | GET      "/static/tailwind.css"
[GIN] 2026/02/02 - 12:38:35 | 200 |    1.971181ms |   192.168.1.150 | GET      "/api/config"
[GIN] 2026/02/02 - 12:38:35 | 200 |     897.856µs |   192.168.1.150 | GET      "/api/config"
[GIN] 2026/02/02 - 12:38:35 | 200 |     116.107µs |   192.168.1.150 | GET      "/api/status"
[GIN] 2026/02/02 - 12:38:35 | 200 |      33.351µs |   192.168.1.150 | GET      "/api/status"
