2026-02-02 13:04:22: 2026/02/02 13:04:22 Omega Home starting on port 8000
2026-02-02 13:04:23: 2026/02/02 13:04:23 Status check complete: 6 services checked
2026-02-02 13:05:15: 2026/02/02 13:05:15 Omega Home starting on port 8000
2026-02-02 13:05:15: 2026/02/02 13:05:15 Status check complete: 6 services checked
2026-02-02 13:06:15: 2026/02/02 13:06:15 Status check complete: 6 services checked
2026-02-02 13:07:15: 2026/02/02 13:07:15 Status check complete: 6 services checked
2026-02-02 13:08:15: 2026/02/02 13:08:15 Status check complete: 6 services checked
2026-02-02 13:09:15: 2026/02/02 13:09:15 Status check complete: 6 services checked
2026-02-02 13:10:15: 2026/02/02 13:10:15 Status check complete: 6 services checked
2026-02-02 13:11:15: 2026/02/02 13:11:15 Status check complete: 5 services checked
2026-02-02 13:12:15: 2026/02/02 13:12:15 Status check complete: 5 services checked
2026-02-02 13:13:15: 2026/02/02 13:13:15 Status check complete: 5 services checked
2026-02-02 13:14:15: 2026/02/02 13:14:15 Status check complete: 5 services checked
2026-02-02 13:15:15: 2026/02/02 13:15:15 Status check complete: 5 services checked
2026-02-02 13:16:15: 2026/02/02 13:16:15 Status check complete: 5 services checked
2026-02-02 13:16:21: 2026/02/02 13:16:21 Omega Home starting on port 8000
2026-02-02 13:16:21: 2026/02/02 13:16:21 Status check complete: 5 services checked
2026-02-02 13:16:59: 2026/02/02 13:16:59 ========================================
2026-02-02 13:16:59: 2026/02/02 13:16:59 🔒 Admin password has been customized
2026-02-02 13:16:59: 2026/02/02 13:16:59    Reset by setting ADMIN_PASSWORD env or deleting admin_password_hash from DB
2026-02-02 13:16:59: 2026/02/02 13:16:59 ========================================
2026-02-02 13:16:59: 2026/02/02 13:16:59 Omega Home starting on port 8000
2026-02-02 13:16:59: 2026/02/02 13:16:59 Status check complete: 5 services checked
